  [1m[36m (121.1ms)[0m  [1mCREATE TABLE "schema_migrations" ("version" varchar NOT NULL) [0m
  [1m[35m (0.2ms)[0m  select sqlite_version(*)
  [1m[36m (114.8ms)[0m  [1mCREATE UNIQUE INDEX "unique_schema_migrations" ON "schema_migrations" ("version")[0m
  [1m[35mActiveRecord::SchemaMigration Load (0.2ms)[0m  SELECT "schema_migrations".* FROM "schema_migrations"
Migrating to CreateUsers (20150809190834)
  [1m[36m (0.1ms)[0m  [1mbegin transaction[0m
  [1m[35m (0.8ms)[0m  CREATE TABLE "users" ("id" INTEGER PRIMARY KEY AUTOINCREMENT NOT NULL, "name" varchar, "email" varchar, "created_at" datetime NOT NULL, "updated_at" datetime NOT NULL) 
  [1m[36m (0.2ms)[0m  [1mCREATE  INDEX "index_users_on_email" ON "users" ("email")[0m
  [1m[35mSQL (0.2ms)[0m  INSERT INTO "schema_migrations" ("version") VALUES (?)  [["version", "20150809190834"]]
  [1m[36m (94.3ms)[0m  [1mcommit transaction[0m
Migrating to CreateTasks (20150809211032)
  [1m[35m (0.1ms)[0m  begin transaction
  [1m[36m (0.3ms)[0m  [1mCREATE TABLE "tasks" ("id" INTEGER PRIMARY KEY AUTOINCREMENT NOT NULL, "name" varchar, "due_date" datetime, "completed" boolean DEFAULT 'f', "user_id" integer, "created_at" datetime NOT NULL, "updated_at" datetime NOT NULL) [0m
  [1m[35mSQL (0.1ms)[0m  INSERT INTO "schema_migrations" ("version") VALUES (?)  [["version", "20150809211032"]]
  [1m[36m (97.0ms)[0m  [1mcommit transaction[0m
Migrating to AddDeviseToUsers (20160510103622)
  [1m[35m (0.1ms)[0m  begin transaction
  [1m[36m (0.4ms)[0m  [1mALTER TABLE "users" ADD "encrypted_password" varchar DEFAULT '' NOT NULL[0m
  [1m[35m (0.2ms)[0m  ALTER TABLE "users" ADD "reset_password_token" varchar
  [1m[36m (0.2ms)[0m  [1mALTER TABLE "users" ADD "reset_password_sent_at" datetime[0m
  [1m[35m (0.2ms)[0m  ALTER TABLE "users" ADD "remember_created_at" datetime
  [1m[36m (0.1ms)[0m  [1m            SELECT sql
            FROM sqlite_master
            WHERE name='index_users_on_email' AND type='index'
            UNION ALL
            SELECT sql
            FROM sqlite_temp_master
            WHERE name='index_users_on_email' AND type='index'
[0m
  [1m[35m (0.2ms)[0m  CREATE UNIQUE INDEX "index_users_on_reset_password_token" ON "users" ("reset_password_token")
  [1m[36mSQL (0.1ms)[0m  [1mINSERT INTO "schema_migrations" ("version") VALUES (?)[0m  [["version", "20160510103622"]]
  [1m[35m (112.4ms)[0m  commit transaction
  [1m[36mActiveRecord::SchemaMigration Load (0.1ms)[0m  [1mSELECT "schema_migrations".* FROM "schema_migrations"[0m
  [1m[35m (0.3ms)[0m              SELECT sql
            FROM sqlite_master
            WHERE name='index_users_on_reset_password_token' AND type='index'
            UNION ALL
            SELECT sql
            FROM sqlite_temp_master
            WHERE name='index_users_on_reset_password_token' AND type='index'

  [1m[36m (0.1ms)[0m  [1m            SELECT sql
            FROM sqlite_master
            WHERE name='index_users_on_email' AND type='index'
            UNION ALL
            SELECT sql
            FROM sqlite_temp_master
            WHERE name='index_users_on_email' AND type='index'
[0m


Started GET "/login" for 127.0.0.1 at 2016-05-10 12:52:45 +0200
  [1m[36mActiveRecord::SchemaMigration Load (0.1ms)[0m  [1mSELECT "schema_migrations".* FROM "schema_migrations"[0m

ActionController::RoutingError (No route matches [GET] "/login"):
  actionpack (4.2.3) lib/action_dispatch/middleware/debug_exceptions.rb:21:in `call'
  web-console (2.2.1) lib/web_console/middleware.rb:39:in `call'
  actionpack (4.2.3) lib/action_dispatch/middleware/show_exceptions.rb:30:in `call'
  railties (4.2.3) lib/rails/rack/logger.rb:38:in `call_app'
  railties (4.2.3) lib/rails/rack/logger.rb:20:in `block in call'
  activesupport (4.2.3) lib/active_support/tagged_logging.rb:68:in `block in tagged'
  activesupport (4.2.3) lib/active_support/tagged_logging.rb:26:in `tagged'
  activesupport (4.2.3) lib/active_support/tagged_logging.rb:68:in `tagged'
  railties (4.2.3) lib/rails/rack/logger.rb:20:in `call'
  actionpack (4.2.3) lib/action_dispatch/middleware/request_id.rb:21:in `call'
  rack (1.6.4) lib/rack/methodoverride.rb:22:in `call'
  rack (1.6.4) lib/rack/runtime.rb:18:in `call'
  activesupport (4.2.3) lib/active_support/cache/strategy/local_cache_middleware.rb:28:in `call'
  rack (1.6.4) lib/rack/lock.rb:17:in `call'
  actionpack (4.2.3) lib/action_dispatch/middleware/static.rb:116:in `call'
  rack (1.6.4) lib/rack/sendfile.rb:113:in `call'
  railties (4.2.3) lib/rails/engine.rb:518:in `call'
  railties (4.2.3) lib/rails/application.rb:165:in `call'
  rack (1.6.4) lib/rack/lock.rb:17:in `call'
  rack (1.6.4) lib/rack/content_length.rb:15:in `call'
  rack (1.6.4) lib/rack/handler/webrick.rb:88:in `service'
  /home/abollao/.rvm/rubies/ruby-2.2.1/lib/ruby/2.2.0/webrick/httpserver.rb:138:in `service'
  /home/abollao/.rvm/rubies/ruby-2.2.1/lib/ruby/2.2.0/webrick/httpserver.rb:94:in `run'
  /home/abollao/.rvm/rubies/ruby-2.2.1/lib/ruby/2.2.0/webrick/server.rb:294:in `block in start_thread'


  Rendered /home/abollao/.rvm/gems/ruby-2.2.1/gems/actionpack-4.2.3/lib/action_dispatch/middleware/templates/rescues/_trace.html.erb (2.4ms)
  Rendered /home/abollao/.rvm/gems/ruby-2.2.1/gems/actionpack-4.2.3/lib/action_dispatch/middleware/templates/routes/_route.html.erb (13.6ms)
  Rendered /home/abollao/.rvm/gems/ruby-2.2.1/gems/actionpack-4.2.3/lib/action_dispatch/middleware/templates/routes/_table.html.erb (6.0ms)
  Rendered /home/abollao/.rvm/gems/ruby-2.2.1/gems/actionpack-4.2.3/lib/action_dispatch/middleware/templates/rescues/_request_and_response.html.erb (8.9ms)
  Rendered /home/abollao/.rvm/gems/ruby-2.2.1/gems/actionpack-4.2.3/lib/action_dispatch/middleware/templates/rescues/routing_error.html.erb within rescues/layout (65.6ms)
  Rendered /home/abollao/.rvm/gems/ruby-2.2.1/gems/web-console-2.2.1/lib/web_console/templates/_markup.html.erb (0.3ms)
  Rendered /home/abollao/.rvm/gems/ruby-2.2.1/gems/web-console-2.2.1/lib/web_console/templates/_inner_console_markup.html.erb within layouts/inlined_string (0.3ms)
  Rendered /home/abollao/.rvm/gems/ruby-2.2.1/gems/web-console-2.2.1/lib/web_console/templates/_prompt_box_markup.html.erb within layouts/inlined_string (0.3ms)
  Rendered /home/abollao/.rvm/gems/ruby-2.2.1/gems/web-console-2.2.1/lib/web_console/templates/style.css.erb within layouts/inlined_string (0.3ms)
  Rendered /home/abollao/.rvm/gems/ruby-2.2.1/gems/web-console-2.2.1/lib/web_console/templates/console.js.erb within layouts/javascript (14.2ms)
  Rendered /home/abollao/.rvm/gems/ruby-2.2.1/gems/web-console-2.2.1/lib/web_console/templates/main.js.erb within layouts/javascript (0.2ms)
  Rendered /home/abollao/.rvm/gems/ruby-2.2.1/gems/web-console-2.2.1/lib/web_console/templates/error_page.js.erb within layouts/javascript (0.4ms)
  Rendered /home/abollao/.rvm/gems/ruby-2.2.1/gems/web-console-2.2.1/lib/web_console/templates/index.html.erb (28.0ms)


Started GET "/" for 127.0.0.1 at 2016-05-10 12:52:52 +0200
Processing by Rails::WelcomeController#index as HTML
  Rendered /home/abollao/.rvm/gems/ruby-2.2.1/gems/railties-4.2.3/lib/rails/templates/rails/welcome/index.html.erb (0.6ms)
Completed 200 OK in 2ms (Views: 1.5ms | ActiveRecord: 0.0ms)


Started GET "/" for 127.0.0.1 at 2016-05-10 12:58:18 +0200
  [1m[36mActiveRecord::SchemaMigration Load (0.6ms)[0m  [1mSELECT "schema_migrations".* FROM "schema_migrations"[0m
Processing by UsersController#profile as HTML
Completed 401 Unauthorized in 16ms (ActiveRecord: 0.0ms)


Started GET "/users/sign_in" for 127.0.0.1 at 2016-05-10 12:58:18 +0200
Processing by Devise::SessionsController#new as HTML
DEPRECATION WARNING: [Devise] Changing the sanitized parameters through "Devise::ParameterSanitizer#for(sign_up) is deprecated and it will be removed from Devise 4.2.
Please use the `permit` method to add or remove any key:

  To add any new key, use the `keys` keyword argument:
  devise_parameter_sanitizer.permit(:sign_up, keys: [:param1, :param2, :param3])

  To remove any existing key, use the `except` keyword argument:
  devise_parameter_sanitizer.permit(:sign_up, except: [:email])
 (called from configure_permitted_parameters at /home/abollao/Escritorio/Sem6/Day2/ejercicios_clase/taskly_ironhack-master-part2/app/controllers/application_controller.rb:11)
  Rendered devise/shared/_links.html.erb (1.6ms)
  Rendered devise/sessions/new.html.erb within layouts/application (20.9ms)
Completed 200 OK in 1125ms (Views: 1108.2ms | ActiveRecord: 0.5ms)


Started GET "/assets/users.self-e3b0c44298fc1c149afbf4c8996fb92427ae41e4649b934ca495991b7852b855.css?body=1" for 127.0.0.1 at 2016-05-10 12:58:20 +0200


Started GET "/assets/api/v1/tasks.self-e3b0c44298fc1c149afbf4c8996fb92427ae41e4649b934ca495991b7852b855.css?body=1" for 127.0.0.1 at 2016-05-10 12:58:20 +0200


Started GET "/assets/jquery.self-d03a5518f45df77341bdbe6201ba3bfa547ebba8ed64f0ea56bfa5f96ea7c074.js?body=1" for 127.0.0.1 at 2016-05-10 12:58:20 +0200


Started GET "/assets/application.self-2a186542d9ae5b372f983963638ad5986631bab276d15dae39f7ad935a58ebd0.css?body=1" for 127.0.0.1 at 2016-05-10 12:58:20 +0200


Started GET "/assets/jquery_ujs.self-ca5248a2fad13d6bd58ea121318d642f195f0b2dd818b30615f785ff365e8d1f.js?body=1" for 127.0.0.1 at 2016-05-10 12:58:20 +0200


Started GET "/assets/api/v1/tasks.self-877aef30ae1b040ab8a3aba4e3e309a11d7f2612f44dde450b5c157aa5f95c05.js?body=1" for 127.0.0.1 at 2016-05-10 12:58:20 +0200


Started GET "/assets/turbolinks.self-c37727e9bd6b2735da5c311aa83fead54ed0be6cc8bd9a65309e9c5abe2cbfff.js?body=1" for 127.0.0.1 at 2016-05-10 12:58:20 +0200


Started GET "/assets/users.self-877aef30ae1b040ab8a3aba4e3e309a11d7f2612f44dde450b5c157aa5f95c05.js?body=1" for 127.0.0.1 at 2016-05-10 12:58:20 +0200


Started GET "/assets/application.self-3b8dabdc891efe46b9a144b400ad69e37d7e5876bdc39dee783419a69d7ca819.js?body=1" for 127.0.0.1 at 2016-05-10 12:58:20 +0200


Started POST "/users/sign_in" for 127.0.0.1 at 2016-05-10 12:58:45 +0200
Processing by Devise::SessionsController#create as HTML
  Parameters: {"utf8"=>"✓", "authenticity_token"=>"gfi+KS9F45Pi0kUb97nNV2gqlfM/3FNs3sTp1toq//Di1Rd73W+5BkqJps1NQ4pf0BXkGGCwDhMUKVDhVpWXqw==", "user"=>{"email"=>"a@a.com", "password"=>"[FILTERED]", "remember_me"=>"0"}, "commit"=>"Log in"}
DEPRECATION WARNING: [Devise] Changing the sanitized parameters through "Devise::ParameterSanitizer#for(sign_up) is deprecated and it will be removed from Devise 4.2.
Please use the `permit` method to add or remove any key:

  To add any new key, use the `keys` keyword argument:
  devise_parameter_sanitizer.permit(:sign_up, keys: [:param1, :param2, :param3])

  To remove any existing key, use the `except` keyword argument:
  devise_parameter_sanitizer.permit(:sign_up, except: [:email])
 (called from configure_permitted_parameters at /home/abollao/Escritorio/Sem6/Day2/ejercicios_clase/taskly_ironhack-master-part2/app/controllers/application_controller.rb:11)
  [1m[35mUser Load (0.5ms)[0m  SELECT  "users".* FROM "users" WHERE "users"."email" = ?  ORDER BY "users"."id" ASC LIMIT 1  [["email", "a@a.com"]]
Completed 401 Unauthorized in 15ms (ActiveRecord: 0.5ms)
Processing by Devise::SessionsController#new as HTML
  Parameters: {"utf8"=>"✓", "authenticity_token"=>"gfi+KS9F45Pi0kUb97nNV2gqlfM/3FNs3sTp1toq//Di1Rd73W+5BkqJps1NQ4pf0BXkGGCwDhMUKVDhVpWXqw==", "user"=>{"email"=>"a@a.com", "password"=>"[FILTERED]", "remember_me"=>"0"}, "commit"=>"Log in"}
DEPRECATION WARNING: [Devise] Changing the sanitized parameters through "Devise::ParameterSanitizer#for(sign_up) is deprecated and it will be removed from Devise 4.2.
Please use the `permit` method to add or remove any key:

  To add any new key, use the `keys` keyword argument:
  devise_parameter_sanitizer.permit(:sign_up, keys: [:param1, :param2, :param3])

  To remove any existing key, use the `except` keyword argument:
  devise_parameter_sanitizer.permit(:sign_up, except: [:email])
 (called from configure_permitted_parameters at /home/abollao/Escritorio/Sem6/Day2/ejercicios_clase/taskly_ironhack-master-part2/app/controllers/application_controller.rb:11)
  Rendered devise/shared/_links.html.erb (0.4ms)
  Rendered devise/sessions/new.html.erb within layouts/application (3.8ms)
Completed 200 OK in 215ms (Views: 41.6ms | ActiveRecord: 0.0ms)


Started POST "/users/sign_in" for 127.0.0.1 at 2016-05-10 12:59:26 +0200
Processing by Devise::SessionsController#create as HTML
  Parameters: {"utf8"=>"✓", "authenticity_token"=>"vNIECXpP9iqJaAAPtO6vkdb4zbmaVgVJof5OAAUQj5Df/61biGWsvyEz49kOFOiZbse8UsU6WDZrE/c3ia/nyw==", "user"=>{"email"=>"paul@arrakis.com", "password"=>"[FILTERED]", "remember_me"=>"0"}, "commit"=>"Log in"}
DEPRECATION WARNING: [Devise] Changing the sanitized parameters through "Devise::ParameterSanitizer#for(sign_up) is deprecated and it will be removed from Devise 4.2.
Please use the `permit` method to add or remove any key:

  To add any new key, use the `keys` keyword argument:
  devise_parameter_sanitizer.permit(:sign_up, keys: [:param1, :param2, :param3])

  To remove any existing key, use the `except` keyword argument:
  devise_parameter_sanitizer.permit(:sign_up, except: [:email])
 (called from configure_permitted_parameters at /home/abollao/Escritorio/Sem6/Day2/ejercicios_clase/taskly_ironhack-master-part2/app/controllers/application_controller.rb:11)
  [1m[36mUser Load (0.2ms)[0m  [1mSELECT  "users".* FROM "users" WHERE "users"."email" = ?  ORDER BY "users"."id" ASC LIMIT 1[0m  [["email", "paul@arrakis.com"]]
Completed 401 Unauthorized in 5ms (ActiveRecord: 0.2ms)
Processing by Devise::SessionsController#new as HTML
  Parameters: {"utf8"=>"✓", "authenticity_token"=>"vNIECXpP9iqJaAAPtO6vkdb4zbmaVgVJof5OAAUQj5Df/61biGWsvyEz49kOFOiZbse8UsU6WDZrE/c3ia/nyw==", "user"=>{"email"=>"paul@arrakis.com", "password"=>"[FILTERED]", "remember_me"=>"0"}, "commit"=>"Log in"}
DEPRECATION WARNING: [Devise] Changing the sanitized parameters through "Devise::ParameterSanitizer#for(sign_up) is deprecated and it will be removed from Devise 4.2.
Please use the `permit` method to add or remove any key:

  To add any new key, use the `keys` keyword argument:
  devise_parameter_sanitizer.permit(:sign_up, keys: [:param1, :param2, :param3])

  To remove any existing key, use the `except` keyword argument:
  devise_parameter_sanitizer.permit(:sign_up, except: [:email])
 (called from configure_permitted_parameters at /home/abollao/Escritorio/Sem6/Day2/ejercicios_clase/taskly_ironhack-master-part2/app/controllers/application_controller.rb:11)
  Rendered devise/shared/_links.html.erb (0.3ms)
  Rendered devise/sessions/new.html.erb within layouts/application (2.7ms)
Completed 200 OK in 216ms (Views: 37.8ms | ActiveRecord: 0.0ms)


Started POST "/users/sign_in" for 127.0.0.1 at 2016-05-10 12:59:33 +0200
Processing by Devise::SessionsController#create as HTML
  Parameters: {"utf8"=>"✓", "authenticity_token"=>"vfB3iLRYbZzfaXcKBYGAdhDM215P230I44vuwtGs/rze3d7aRnI3CXcylNy/e8d+qPOqtRC3IHcpZlf1XROW5w==", "user"=>{"email"=>"paul@arrakis.com", "password"=>"[FILTERED]", "remember_me"=>"0"}, "commit"=>"Log in"}
DEPRECATION WARNING: [Devise] Changing the sanitized parameters through "Devise::ParameterSanitizer#for(sign_up) is deprecated and it will be removed from Devise 4.2.
Please use the `permit` method to add or remove any key:

  To add any new key, use the `keys` keyword argument:
  devise_parameter_sanitizer.permit(:sign_up, keys: [:param1, :param2, :param3])

  To remove any existing key, use the `except` keyword argument:
  devise_parameter_sanitizer.permit(:sign_up, except: [:email])
 (called from configure_permitted_parameters at /home/abollao/Escritorio/Sem6/Day2/ejercicios_clase/taskly_ironhack-master-part2/app/controllers/application_controller.rb:11)
  [1m[35mUser Load (0.2ms)[0m  SELECT  "users".* FROM "users" WHERE "users"."email" = ?  ORDER BY "users"."id" ASC LIMIT 1  [["email", "paul@arrakis.com"]]
Completed 401 Unauthorized in 3ms (ActiveRecord: 0.2ms)
Processing by Devise::SessionsController#new as HTML
  Parameters: {"utf8"=>"✓", "authenticity_token"=>"vfB3iLRYbZzfaXcKBYGAdhDM215P230I44vuwtGs/rze3d7aRnI3CXcylNy/e8d+qPOqtRC3IHcpZlf1XROW5w==", "user"=>{"email"=>"paul@arrakis.com", "password"=>"[FILTERED]", "remember_me"=>"0"}, "commit"=>"Log in"}
DEPRECATION WARNING: [Devise] Changing the sanitized parameters through "Devise::ParameterSanitizer#for(sign_up) is deprecated and it will be removed from Devise 4.2.
Please use the `permit` method to add or remove any key:

  To add any new key, use the `keys` keyword argument:
  devise_parameter_sanitizer.permit(:sign_up, keys: [:param1, :param2, :param3])

  To remove any existing key, use the `except` keyword argument:
  devise_parameter_sanitizer.permit(:sign_up, except: [:email])
 (called from configure_permitted_parameters at /home/abollao/Escritorio/Sem6/Day2/ejercicios_clase/taskly_ironhack-master-part2/app/controllers/application_controller.rb:11)
  Rendered devise/shared/_links.html.erb (0.3ms)
  Rendered devise/sessions/new.html.erb within layouts/application (2.8ms)
Completed 200 OK in 226ms (Views: 54.0ms | ActiveRecord: 0.0ms)
  [1m[36mActiveRecord::SchemaMigration Load (0.1ms)[0m  [1mSELECT "schema_migrations".* FROM "schema_migrations"[0m
  [1m[35m (0.1ms)[0m  begin transaction
  [1m[36mUser Exists (0.1ms)[0m  [1mSELECT  1 AS one FROM "users" WHERE "users"."email" = 'paul@arrakis.com' LIMIT 1[0m
  [1m[35mUser Exists (0.1ms)[0m  SELECT  1 AS one FROM "users" WHERE LOWER("users"."email") = LOWER('paul@arrakis.com') LIMIT 1
  [1m[36mSQL (0.2ms)[0m  [1mINSERT INTO "users" ("name", "email", "encrypted_password", "created_at", "updated_at") VALUES (?, ?, ?, ?, ?)[0m  [["name", "Paul Atreides"], ["email", "paul@arrakis.com"], ["encrypted_password", "$2a$11$rLsSe4GyphLaJ8bg4PIKyO48v2.R2ujOXD1Z8GkWxnmqtnayQm1xO"], ["created_at", "2016-05-10 10:59:49.612333"], ["updated_at", "2016-05-10 10:59:49.612333"]]
  [1m[35m (117.0ms)[0m  commit transaction
  [1m[36m (0.1ms)[0m  [1mbegin transaction[0m
  [1m[35mUser Exists (0.1ms)[0m  SELECT  1 AS one FROM "users" WHERE "users"."email" = 'alia@arrakis.com' LIMIT 1
  [1m[36mUser Exists (0.1ms)[0m  [1mSELECT  1 AS one FROM "users" WHERE LOWER("users"."email") = LOWER('alia@arrakis.com') LIMIT 1[0m
  [1m[35mSQL (0.2ms)[0m  INSERT INTO "users" ("name", "email", "encrypted_password", "created_at", "updated_at") VALUES (?, ?, ?, ?, ?)  [["name", "Alia Atreides"], ["email", "alia@arrakis.com"], ["encrypted_password", "$2a$11$VkdC/edtXj64u2hGi/hT3.qCO.NpPuD5Thb0IMYObfdXW7ySiwa62"], ["created_at", "2016-05-10 10:59:49.890763"], ["updated_at", "2016-05-10 10:59:49.890763"]]
  [1m[36m (128.0ms)[0m  [1mcommit transaction[0m
  [1m[35m (0.1ms)[0m  begin transaction
  [1m[36mUser Exists (0.1ms)[0m  [1mSELECT  1 AS one FROM "users" WHERE "users"."email" = 'leto@arrakis.com' LIMIT 1[0m
  [1m[35mUser Exists (0.1ms)[0m  SELECT  1 AS one FROM "users" WHERE LOWER("users"."email") = LOWER('leto@arrakis.com') LIMIT 1
  [1m[36mSQL (0.2ms)[0m  [1mINSERT INTO "users" ("name", "email", "encrypted_password", "created_at", "updated_at") VALUES (?, ?, ?, ?, ?)[0m  [["name", "Leto Atreides"], ["email", "leto@arrakis.com"], ["encrypted_password", "$2a$11$EwbR33iEkpWoTGHvMKp0POzy31hvEUeUnkWGZyCnHU8y4rDI7nkSa"], ["created_at", "2016-05-10 10:59:50.227065"], ["updated_at", "2016-05-10 10:59:50.227065"]]
  [1m[35m (122.2ms)[0m  commit transaction


Started POST "/users/sign_in" for 127.0.0.1 at 2016-05-10 12:59:56 +0200
  [1m[36mActiveRecord::SchemaMigration Load (0.1ms)[0m  [1mSELECT "schema_migrations".* FROM "schema_migrations"[0m
Processing by Devise::SessionsController#create as HTML
  Parameters: {"utf8"=>"✓", "authenticity_token"=>"vfB3iLRYbZzfaXcKBYGAdhDM215P230I44vuwtGs/rze3d7aRnI3CXcylNy/e8d+qPOqtRC3IHcpZlf1XROW5w==", "user"=>{"email"=>"paul@arrakis.com", "password"=>"[FILTERED]", "remember_me"=>"0"}, "commit"=>"Log in"}
DEPRECATION WARNING: [Devise] Changing the sanitized parameters through "Devise::ParameterSanitizer#for(sign_up) is deprecated and it will be removed from Devise 4.2.
Please use the `permit` method to add or remove any key:

  To add any new key, use the `keys` keyword argument:
  devise_parameter_sanitizer.permit(:sign_up, keys: [:param1, :param2, :param3])

  To remove any existing key, use the `except` keyword argument:
  devise_parameter_sanitizer.permit(:sign_up, except: [:email])
 (called from configure_permitted_parameters at /home/abollao/Escritorio/Sem6/Day2/ejercicios_clase/taskly_ironhack-master-part2/app/controllers/application_controller.rb:11)
  [1m[35mUser Load (0.2ms)[0m  SELECT  "users".* FROM "users" WHERE "users"."email" = ?  ORDER BY "users"."id" ASC LIMIT 1  [["email", "paul@arrakis.com"]]
Redirected to http://localhost:3000/
Completed 302 Found in 230ms (ActiveRecord: 0.6ms)


Started GET "/" for 127.0.0.1 at 2016-05-10 12:59:57 +0200
Processing by UsersController#profile as HTML
  [1m[36mUser Load (0.2ms)[0m  [1mSELECT  "users".* FROM "users" WHERE "users"."id" = ?  ORDER BY "users"."id" ASC LIMIT 1[0m  [["id", 1]]
  Rendered users/profile.html.erb within layouts/application (1.5ms)
Completed 200 OK in 154ms (Views: 152.4ms | ActiveRecord: 0.2ms)


Started GET "/assets/users.self-e3b0c44298fc1c149afbf4c8996fb92427ae41e4649b934ca495991b7852b855.css?body=1" for 127.0.0.1 at 2016-05-10 12:59:57 +0200


Started GET "/assets/jquery.self-d03a5518f45df77341bdbe6201ba3bfa547ebba8ed64f0ea56bfa5f96ea7c074.js?body=1" for 127.0.0.1 at 2016-05-10 12:59:57 +0200


Started GET "/assets/api/v1/tasks.self-e3b0c44298fc1c149afbf4c8996fb92427ae41e4649b934ca495991b7852b855.css?body=1" for 127.0.0.1 at 2016-05-10 12:59:57 +0200


Started GET "/assets/application.self-2a186542d9ae5b372f983963638ad5986631bab276d15dae39f7ad935a58ebd0.css?body=1" for 127.0.0.1 at 2016-05-10 12:59:57 +0200


Started GET "/assets/turbolinks.self-c37727e9bd6b2735da5c311aa83fead54ed0be6cc8bd9a65309e9c5abe2cbfff.js?body=1" for 127.0.0.1 at 2016-05-10 12:59:57 +0200


Started GET "/assets/api/v1/tasks.self-877aef30ae1b040ab8a3aba4e3e309a11d7f2612f44dde450b5c157aa5f95c05.js?body=1" for 127.0.0.1 at 2016-05-10 12:59:57 +0200


Started GET "/assets/jquery_ujs.self-ca5248a2fad13d6bd58ea121318d642f195f0b2dd818b30615f785ff365e8d1f.js?body=1" for 127.0.0.1 at 2016-05-10 12:59:57 +0200


Started GET "/assets/users.self-877aef30ae1b040ab8a3aba4e3e309a11d7f2612f44dde450b5c157aa5f95c05.js?body=1" for 127.0.0.1 at 2016-05-10 12:59:57 +0200


Started GET "/assets/application.self-3b8dabdc891efe46b9a144b400ad69e37d7e5876bdc39dee783419a69d7ca819.js?body=1" for 127.0.0.1 at 2016-05-10 12:59:57 +0200


Started DELETE "/users/sign_out" for 127.0.0.1 at 2016-05-10 13:00:00 +0200
Processing by Devise::SessionsController#destroy as HTML
  Parameters: {"authenticity_token"=>"tY/gno92amuKY5hW2m10DSYvG0uft380iX+Wb7dIk1kBUeaEZeeb8Z4dGs+DLInk5Ueo1SNklM+f+M22RAbfzQ=="}
  [1m[35mUser Load (0.2ms)[0m  SELECT  "users".* FROM "users" WHERE "users"."id" = ?  ORDER BY "users"."id" ASC LIMIT 1  [["id", 1]]
DEPRECATION WARNING: [Devise] Changing the sanitized parameters through "Devise::ParameterSanitizer#for(sign_up) is deprecated and it will be removed from Devise 4.2.
Please use the `permit` method to add or remove any key:

  To add any new key, use the `keys` keyword argument:
  devise_parameter_sanitizer.permit(:sign_up, keys: [:param1, :param2, :param3])

  To remove any existing key, use the `except` keyword argument:
  devise_parameter_sanitizer.permit(:sign_up, except: [:email])
 (called from configure_permitted_parameters at /home/abollao/Escritorio/Sem6/Day2/ejercicios_clase/taskly_ironhack-master-part2/app/controllers/application_controller.rb:11)
  [1m[36m (0.2ms)[0m  [1mbegin transaction[0m
  [1m[35m (0.1ms)[0m  commit transaction
Redirected to http://localhost:3000/
Completed 302 Found in 10ms (ActiveRecord: 0.4ms)


Started GET "/" for 127.0.0.1 at 2016-05-10 13:00:00 +0200
Processing by UsersController#profile as HTML
Completed 401 Unauthorized in 1ms (ActiveRecord: 0.0ms)


Started GET "/users/sign_in" for 127.0.0.1 at 2016-05-10 13:00:00 +0200
Processing by Devise::SessionsController#new as HTML
DEPRECATION WARNING: [Devise] Changing the sanitized parameters through "Devise::ParameterSanitizer#for(sign_up) is deprecated and it will be removed from Devise 4.2.
Please use the `permit` method to add or remove any key:

  To add any new key, use the `keys` keyword argument:
  devise_parameter_sanitizer.permit(:sign_up, keys: [:param1, :param2, :param3])

  To remove any existing key, use the `except` keyword argument:
  devise_parameter_sanitizer.permit(:sign_up, except: [:email])
 (called from configure_permitted_parameters at /home/abollao/Escritorio/Sem6/Day2/ejercicios_clase/taskly_ironhack-master-part2/app/controllers/application_controller.rb:11)
  Rendered devise/shared/_links.html.erb (4.3ms)
  Rendered devise/sessions/new.html.erb within layouts/application (21.4ms)
Completed 200 OK in 82ms (Views: 80.9ms | ActiveRecord: 0.0ms)


Started POST "/users/sign_in" for 127.0.0.1 at 2016-05-10 13:00:11 +0200
Processing by Devise::SessionsController#create as HTML
  Parameters: {"utf8"=>"✓", "authenticity_token"=>"EuJ7vT6sFhgrpQQR+AHC8PfmJVQo+pIsCCRnA7/gJ39KIT/rOJCdaXrsjoFxEIkPuusxao6nAMGPn2UQs8hB2Q==", "user"=>{"email"=>"paul@arrakis.com", "password"=>"[FILTERED]", "remember_me"=>"0"}, "commit"=>"Log in"}
DEPRECATION WARNING: [Devise] Changing the sanitized parameters through "Devise::ParameterSanitizer#for(sign_up) is deprecated and it will be removed from Devise 4.2.
Please use the `permit` method to add or remove any key:

  To add any new key, use the `keys` keyword argument:
  devise_parameter_sanitizer.permit(:sign_up, keys: [:param1, :param2, :param3])

  To remove any existing key, use the `except` keyword argument:
  devise_parameter_sanitizer.permit(:sign_up, except: [:email])
 (called from configure_permitted_parameters at /home/abollao/Escritorio/Sem6/Day2/ejercicios_clase/taskly_ironhack-master-part2/app/controllers/application_controller.rb:11)
  [1m[36mUser Load (0.2ms)[0m  [1mSELECT  "users".* FROM "users" WHERE "users"."email" = ?  ORDER BY "users"."id" ASC LIMIT 1[0m  [["email", "paul@arrakis.com"]]
Redirected to http://localhost:3000/
Completed 302 Found in 195ms (ActiveRecord: 0.2ms)


Started GET "/" for 127.0.0.1 at 2016-05-10 13:00:11 +0200
Processing by UsersController#profile as HTML
  [1m[35mUser Load (0.1ms)[0m  SELECT  "users".* FROM "users" WHERE "users"."id" = ?  ORDER BY "users"."id" ASC LIMIT 1  [["id", 1]]
  Rendered users/profile.html.erb within layouts/application (0.1ms)
Completed 200 OK in 50ms (Views: 47.7ms | ActiveRecord: 0.1ms)


Started DELETE "/users/sign_out" for 127.0.0.1 at 2016-05-10 13:00:17 +0200
Processing by Devise::SessionsController#destroy as HTML
  Parameters: {"authenticity_token"=>"M33RjO9wNdBIkJ54eGAHdsv21m2SxCBA/lM2TghNAyXAFkmgIIKEhK/ekL7z6qneaxwhsJqSkLwbCV80xTFWZg=="}
  [1m[36mUser Load (0.2ms)[0m  [1mSELECT  "users".* FROM "users" WHERE "users"."id" = ?  ORDER BY "users"."id" ASC LIMIT 1[0m  [["id", 1]]
DEPRECATION WARNING: [Devise] Changing the sanitized parameters through "Devise::ParameterSanitizer#for(sign_up) is deprecated and it will be removed from Devise 4.2.
Please use the `permit` method to add or remove any key:

  To add any new key, use the `keys` keyword argument:
  devise_parameter_sanitizer.permit(:sign_up, keys: [:param1, :param2, :param3])

  To remove any existing key, use the `except` keyword argument:
  devise_parameter_sanitizer.permit(:sign_up, except: [:email])
 (called from configure_permitted_parameters at /home/abollao/Escritorio/Sem6/Day2/ejercicios_clase/taskly_ironhack-master-part2/app/controllers/application_controller.rb:11)
  [1m[35m (0.1ms)[0m  begin transaction
  [1m[36m (0.1ms)[0m  [1mcommit transaction[0m
Redirected to http://localhost:3000/
Completed 302 Found in 13ms (ActiveRecord: 0.3ms)


Started GET "/" for 127.0.0.1 at 2016-05-10 13:00:17 +0200
Processing by UsersController#profile as HTML
Completed 401 Unauthorized in 1ms (ActiveRecord: 0.0ms)


Started GET "/users/sign_in" for 127.0.0.1 at 2016-05-10 13:00:17 +0200
Processing by Devise::SessionsController#new as HTML
DEPRECATION WARNING: [Devise] Changing the sanitized parameters through "Devise::ParameterSanitizer#for(sign_up) is deprecated and it will be removed from Devise 4.2.
Please use the `permit` method to add or remove any key:

  To add any new key, use the `keys` keyword argument:
  devise_parameter_sanitizer.permit(:sign_up, keys: [:param1, :param2, :param3])

  To remove any existing key, use the `except` keyword argument:
  devise_parameter_sanitizer.permit(:sign_up, except: [:email])
 (called from configure_permitted_parameters at /home/abollao/Escritorio/Sem6/Day2/ejercicios_clase/taskly_ironhack-master-part2/app/controllers/application_controller.rb:11)
  Rendered devise/shared/_links.html.erb (0.3ms)
  Rendered devise/sessions/new.html.erb within layouts/application (2.7ms)
Completed 200 OK in 33ms (Views: 31.9ms | ActiveRecord: 0.0ms)
